<?xml version="1.0" encoding="utf-8"?><testsuites name="pytest tests"><testsuite name="pytest" errors="0" failures="0" skipped="1" tests="102" time="27.433" timestamp="2026-08-22T12:54:56.516717+02:00" hostname="07a1306c5f03"><testcase classname="" name="tests.test_gui_smoke" time="0.000"><skipped message="collection skipped">('/workspace/scratch/bcf6accac0d0/work/cohesion-enhancement/RFieldMesh_v1.0.0_latest_five_property_source/RFieldMesh-1.0.0/tests/test_gui_smoke.py', 15, 'Skipped: Qt runtime libraries are unavailable in this environment: libEGL.so.1: cannot open shared object file: No such file or directory')</skipped></testcase><testcase classname="tests.test_abaqus_parser_regions" name="test_parser_resolves_semantic_model" time="0.006" /><testcase classname="tests.test_abaqus_parser_regions" name="test_region_resolves_instance_coordinates_and_section_remainder" time="0.003" /><testcase classname="tests.test_abaqus_parser_regions" name="test_structured_grid_maps_cells_to_element_labels" time="0.003" /><testcase classname="tests.test_abaqus_source_tokenizer" name="test_source_round_trip_preserves_crlf_and_bytes" time="0.001" /><testcase classname="tests.test_abaqus_source_tokenizer" name="test_tokenizer_handles_quoted_names_and_flags" time="0.001" /><testcase classname="tests.test_abaqus_writer" name="test_writer_clones_complete_material_and_splits_remainder" time="0.010" /><testcase classname="tests.test_abaqus_writer" name="test_writer_leaves_source_bytes_unchanged" time="0.011" /><testcase classname="tests.test_application_phase4" name="test_inspection_summary_is_json_serializable" time="0.002" /><testcase classname="tests.test_application_phase4" name="test_end_to_end_generation_writes_manifest_and_validates" time="0.030" /><testcase classname="tests.test_batch" name="test_batch_generates_unique_models_manifests_and_summary" time="0.082" /><testcase classname="tests.test_batch" name="test_batch_preflight_rejects_nonunique_spawn_seed_names" time="0.003" /><testcase classname="tests.test_batch" name="test_precancelled_batch_writes_summary_but_no_models" time="0.005" /><testcase classname="tests.test_cli" name="test_inspect_command_emits_json" time="0.017" /><testcase classname="tests.test_cli" name="test_generate_command_resolves_paths_relative_to_project" time="0.031" /><testcase classname="tests.test_cli" name="test_preview_command_writes_offline_html" time="1.101" /><testcase classname="tests.test_cli" name="test_batch_command_resolves_nested_generation_paths" time="0.056" /><testcase classname="tests.test_cli" name="test_release_audit_fails_closed_when_native_evidence_is_missing" time="0.009" /><testcase classname="tests.test_cohesion_support" name="test_cohesion_registry_mapping_and_constraints" time="0.000" /><testcase classname="tests.test_cohesion_support" name="test_parser_reads_first_hardening_value_as_cohesion" time="0.002" /><testcase classname="tests.test_cohesion_support" name="test_writer_updates_cohesion_and_preserves_hardening_companion" time="0.007" /><testcase classname="tests.test_cohesion_support" name="test_writer_updates_and_verifies_all_six_properties" time="0.006" /><testcase classname="tests.test_cohesion_support" name="test_cohesion_must_be_nonnegative_without_clipping" time="0.002" /><testcase classname="tests.test_cohesion_support" name="test_cohesion_generates_with_all_supported_marginals[normal]" time="0.005" /><testcase classname="tests.test_cohesion_support" name="test_cohesion_generates_with_all_supported_marginals[lognormal]" time="0.003" /><testcase classname="tests.test_cohesion_support" name="test_cohesion_generates_with_all_supported_marginals[truncated_normal]" time="0.009" /><testcase classname="tests.test_cohesion_support" name="test_cohesion_api_preview_manifest_and_source_preservation" time="0.159" /><testcase classname="tests.test_cohesion_support" name="test_auto_spectral_budget_adjustment_supports_gui_default_cohesion" time="0.158" /><testcase classname="tests.test_cohesion_support" name="test_cli_generates_cohesion_field" time="0.099" /><testcase classname="tests.test_cohesion_support" name="test_batch_generates_reproducible_cohesion_realizations" time="0.053" /><testcase classname="tests.test_cohesion_support" name="test_cohesion_writer_fails_closed_for_unsupported_hardening_cards[-will not be introduced]" time="0.003" /><testcase classname="tests.test_cohesion_support" name="test_cohesion_writer_fails_closed_for_unsupported_hardening_cards[*Mohr Coulomb Hardening, dependencies=1\n5000., 0., 1.\n-without temperature, field, or dependency]" time="0.004" /><testcase classname="tests.test_cohesion_support" name="test_cohesion_writer_fails_closed_for_unsupported_hardening_cards[*Mohr Coulomb Hardening\n5000., 0.\n6000., 0.1\n-one-row scalar]" time="0.003" /><testcase classname="tests.test_cohesion_support" name="test_cohesion_writer_fails_closed_for_unsupported_hardening_cards[*Mohr Coulomb Hardening\n5000., 0.\n*Mohr Coulomb Hardening\n6000., 0.\n-exactly one unambiguous]" time="0.003" /><testcase classname="tests.test_cohesion_support" name="test_existing_property_rng_streams_are_unchanged" time="0.001" /><testcase classname="tests.test_config" name="test_valid_variable_configuration" time="0.001" /><testcase classname="tests.test_config" name="test_truncated_normal_requires_bounds" time="0.001" /><testcase classname="tests.test_config" name="test_invalid_bounds_are_rejected" time="0.001" /><testcase classname="tests.test_config" name="test_batch_config_requires_realization_dependent_inp_filename" time="0.001" /><testcase classname="tests.test_correlations" name="test_exponential_scale_convention" time="0.001" /><testcase classname="tests.test_correlations" name="test_squared_exponential_scale_convention" time="0.001" /><testcase classname="tests.test_correlations" name="test_pairwise_matrix_is_symmetric_with_unit_diagonal" time="0.001" /><testcase classname="tests.test_correlations" name="test_local_average_variance_matches_quadrature[1e-07]" time="0.001" /><testcase classname="tests.test_correlations" name="test_local_average_variance_matches_quadrature[0.05]" time="0.001" /><testcase classname="tests.test_correlations" name="test_local_average_variance_matches_quadrature[0.5]" time="0.001" /><testcase classname="tests.test_correlations" name="test_local_average_variance_matches_quadrature[4.0]" time="0.001" /><testcase classname="tests.test_correlations" name="test_adjacent_cell_covariance_matches_double_quadrature" time="0.001" /><testcase classname="tests.test_covariance_kl" name="test_full_kl_reconstructs_correlation_matrix" time="0.001" /><testcase classname="tests.test_covariance_kl" name="test_truncated_kl_normalizes_point_variance" time="0.001" /><testcase classname="tests.test_covariance_kl" name="test_kl_generation_is_reproducible" time="0.001" /><testcase classname="tests.test_covariance_kl" name="test_large_general_mesh_uses_matrix_free_factorization" time="0.001" /><testcase classname="tests.test_five_property_support" name="test_parser_reads_all_five_properties" time="0.002" /><testcase classname="tests.test_five_property_support" name="test_writer_updates_and_verifies_all_five_properties" time="0.007" /><testcase classname="tests.test_five_property_support" name="test_shared_keyword_companion_is_preserved[elastic_modulus-values0-poissons_ratio-0.35]" time="0.009" /><testcase classname="tests.test_five_property_support" name="test_shared_keyword_companion_is_preserved[poissons_ratio-values1-elastic_modulus-20000000.0]" time="0.010" /><testcase classname="tests.test_five_property_support" name="test_shared_keyword_companion_is_preserved[friction_angle-values2-dilation_angle-5.0]" time="0.008" /><testcase classname="tests.test_five_property_support" name="test_shared_keyword_companion_is_preserved[dilation_angle-values3-friction_angle-25.0]" time="0.010" /><testcase classname="tests.test_five_property_support" name="test_mohr_coulomb_is_required_for_angle_randomization" time="0.003" /><testcase classname="tests.test_five_property_support" name="test_legacy_modulus_identifier_is_accepted" time="0.001" /><testcase classname="tests.test_five_property_support" name="test_invalid_poissons_ratio_mean_is_rejected" time="0.001" /><testcase classname="tests.test_five_property_support" name="test_property_streams_are_stable_and_distinct" time="0.001" /><testcase classname="tests.test_marginals" name="test_lognormal_parameters_reproduce_physical_moments" time="0.001" /><testcase classname="tests.test_marginals" name="test_lognormal_average_correction_restores_analytical_mean" time="0.001" /><testcase classname="tests.test_marginals" name="test_truncated_normal_fit_reproduces_requested_moments" time="0.013" /><testcase classname="tests.test_marginals" name="test_truncated_normal_transform_respects_bounds" time="0.012" /><testcase classname="tests.test_marginals" name="test_truncated_normal_rejects_gaussian_local_average" time="0.001" /><testcase classname="tests.test_matlab_reference" name="test_reference_checksum_shape_and_summary" time="0.006" /><testcase classname="tests.test_matlab_reference" name="test_reference_has_plausible_correlated_field_statistics" time="0.002" /><testcase classname="tests.test_packaging_assets" name="test_desktop_entry_points_and_windows_build_assets_are_present" time="0.003" /><testcase classname="tests.test_packaging_assets" name="test_binary_redistribution_contains_qt_licence_materials" time="0.001" /><testcase classname="tests.test_packaging_assets" name="test_licence_inventory_renderer_omits_build_host_paths" time="0.002" /><testcase classname="tests.test_packaging_assets" name="test_windows_build_evidence_requires_frozen_five_tab_gui" time="0.007" /><testcase classname="tests.test_phase8_publication_assets" name="test_publication_metadata_is_consistent_and_doi_safe" time="0.001" /><testcase classname="tests.test_phase8_publication_assets" name="test_graphics_have_release_dimensions" time="0.000" /><testcase classname="tests.test_phase8_publication_assets" name="test_manuscript_and_highlights_are_submission_ready" time="0.001" /><testcase classname="tests.test_phase8_publication_assets" name="test_rendered_word_manuscript_is_a_valid_office_document" time="0.001" /><testcase classname="tests.test_phase8_publication_assets" name="test_phase8_record_does_not_claim_external_publication" time="0.000" /><testcase classname="tests.test_preview_visualization" name="test_preview_generates_without_writing_abaqus" time="0.006" /><testcase classname="tests.test_preview_visualization" name="test_visualization_builds_spatial_distribution_and_offline_html" time="0.536" /><testcase classname="tests.test_project_view_model" name="test_view_model_loads_choices_and_creates_preview" time="0.228" /><testcase classname="tests.test_release_evidence" name="test_evidence_contract_rejects_pass_with_failed_check" time="0.001" /><testcase classname="tests.test_release_evidence" name="test_all_required_matching_reports_approve_candidate" time="0.003" /><testcase classname="tests.test_release_evidence" name="test_missing_and_stale_evidence_cannot_approve_candidate" time="0.001" /><testcase classname="tests.test_release_evidence" name="test_duplicate_evidence_is_invalid" time="0.001" /><testcase classname="tests.test_rng" name="test_identical_stream_definition_reproduces_values" time="0.001" /><testcase classname="tests.test_rng" name="test_property_streams_and_realizations_differ" time="0.001" /><testcase classname="tests.test_rng" name="test_spawn_strategy_is_reproducible" time="0.001" /><testcase classname="tests.test_spectral" name="test_spectral_realization_is_deterministic" time="0.058" /><testcase classname="tests.test_spectral" name="test_cell_variance_matches_analytical_factor" time="0.196" /><testcase classname="tests.test_spectral" name="test_centroid_variance_equals_retained_point_variance" time="0.041" /><testcase classname="tests.test_spectral" name="test_mode_selection_compacts_only_when_doubling_exceeds_budget" time="0.004" /><testcase classname="tests.test_spectral" name="test_empirical_variance_matches_reported_variance" time="1.440" /><testcase classname="tests.test_stable_release_assets" name="test_stable_version_metadata_is_consistent" time="0.006" /><testcase classname="tests.test_stable_release_assets" name="test_stable_public_documents_are_present" time="0.001" /><testcase classname="tests.test_stable_release_assets" name="test_large_mesh_limit_is_disclosed_for_users_and_manuscripts" time="0.001" /><testcase classname="tests.test_stable_release_assets" name="test_promotion_record_does_not_mislabel_attestation_as_machine_evidence" time="0.001" /><testcase classname="tests.test_stable_release_assets" name="test_windows_build_distributes_stable_documents" time="0.001" /><testcase classname="tests.test_statistics" name="test_field_statistics_use_population_standard_deviation" time="0.001" /><testcase classname="tests.test_statistics" name="test_empirical_axis_correlation_at_zero_is_one" time="0.001" /><testcase classname="tests.test_supplied_models" name="test_supplied_2d_model_counts_and_mapping" time="0.793" /><testcase classname="tests.test_supplied_models" name="test_supplied_2d_gui_default_cohesion_preview_uses_budget_adjustment" time="17.469" /><testcase classname="tests.test_supplied_models" name="test_supplied_3d_model_mixed_layer_and_translation" time="1.243" /></testsuite></testsuites>